Copyright 1986-2019 Xilinx, Inc. All Rights Reserved.
------------------------------------------------------------------------------------
| Tool Version : Vivado v.2019.1 (win64) Build 2552052 Fri May 24 14:49:42 MDT 2019
| Date         : Sun Nov 10 14:53:59 2024
| Host         : DESKTOP-K5L0T99 running 64-bit major release  (build 9200)
| Command      : upgrade_ip
| Device       : xc7z020clg400-1
------------------------------------------------------------------------------------

Upgrade Log for IP 'design_1_myFND_0_0'

1. Summary
----------

SUCCESS in the upgrade of design_1_myFND_0_0 (xilinx.com:user:myFND:1.0) from (Rev. 3) to (Rev. 4)






Copyright 1986-2019 Xilinx, Inc. All Rights Reserved.
------------------------------------------------------------------------------------
| Tool Version : Vivado v.2019.1 (win64) Build 2552052 Fri May 24 14:49:42 MDT 2019
| Date         : Sun Nov 10 14:45:29 2024
| Host         : DESKTOP-K5L0T99 running 64-bit major release  (build 9200)
| Command      : upgrade_ip
| Device       : xc7z020clg400-1
------------------------------------------------------------------------------------

Upgrade Log for IP 'design_1_myFND_0_0'

1. Summary
----------

SUCCESS in the upgrade of design_1_myFND_0_0 (xilinx.com:user:myFND:1.0) from (Rev. 2) to (Rev. 3)

