#-----------------------------------------------------------
# Vivado v2019.1 (64-bit)
# SW Build 2552052 on Fri May 24 14:49:42 MDT 2019
# IP Build 2548770 on Fri May 24 18:01:18 MDT 2019
# Start of session at: Sun Nov 10 16:21:00 2024
# Process ID: 9284
# Current directory: E:/Verilog/soc/HW2/ZynqLab04
# Command line: vivado.exe -gui_launcher_event rodinguilauncherevent5940 E:\Verilog\soc\HW2\ZynqLab04\ZynqLab04.xpr
# Log file: E:/Verilog/soc/HW2/ZynqLab04/vivado.log
# Journal file: E:/Verilog/soc/HW2/ZynqLab04\vivado.jou
#-----------------------------------------------------------
start_gui
open_project E:/Verilog/soc/HW2/ZynqLab04/ZynqLab04.xpr
Scanning sources...
Finished scanning sources
INFO: [IP_Flow 19-234] Refreshing IP repositories
INFO: [IP_Flow 19-1700] Loaded user IP repository 'e:/Verilog/soc/HW2/ip_repo/myFND_1.0'.
INFO: [IP_Flow 19-2313] Loaded Vivado IP repository 'E:/Vivado/2019.1/data/ip'.
update_compile_order -fileset sources_1
open_bd_design {E:/Verilog/soc/HW2/ZynqLab04/ZynqLab04.srcs/sources_1/bd/design_1/design_1.bd}
Adding component instance block -- xilinx.com:ip:processing_system7:5.5 - processing_system7_0
Adding component instance block -- xilinx.com:ip:axi_interconnect:2.1 - ps7_0_axi_periph
Adding component instance block -- xilinx.com:ip:axi_protocol_converter:2.1 - auto_pc
Adding component instance block -- xilinx.com:ip:proc_sys_reset:5.0 - rst_ps7_0_50M
Adding component instance block -- xilinx.com:user:myFND:1.0 - myFND_0
Successfully read diagram <design_1> from BD file <E:/Verilog/soc/HW2/ZynqLab04/ZynqLab04.srcs/sources_1/bd/design_1/design_1.bd>
open_bd_design: Time (s): cpu = 00:00:08 ; elapsed = 00:00:05 . Memory (MB): peak = 871.891 ; gain = 88.160
launch_sdk -workspace E:/Verilog/soc/HW2/ZynqLab04/ZynqLab04.sdk -hwspec E:/Verilog/soc/HW2/ZynqLab04/ZynqLab04.sdk/design_1_wrapper.hdf
INFO: [Vivado 12-393] Launching SDK...
INFO: [Vivado 12-417] Running xsdk -workspace E:/Verilog/soc/HW2/ZynqLab04/ZynqLab04.sdk -hwspec E:/Verilog/soc/HW2/ZynqLab04/ZynqLab04.sdk/design_1_wrapper.hdf
INFO: [Vivado 12-3157] SDK launch initiated. Please check console for any further messages.
exit
INFO: [Common 17-206] Exiting Vivado at Sun Nov 10 16:26:13 2024...
