INFO: [VRFC 10-2263] Analyzing Verilog file "E:/Verilog/soc/ZynqLab01/ZynqLab01.ip_user_files/bd/design_1/ip/design_1_processing_system7_0_0/sim/design_1_processing_system7_0_0.v" into library xil_defaultlib
INFO: [VRFC 10-311] analyzing module design_1_processing_system7_0_0
INFO: [VRFC 10-2263] Analyzing Verilog file "E:/Verilog/soc/ZynqLab01/ZynqLab01.ip_user_files/bd/design_1/sim/design_1.v" into library xil_defaultlib
INFO: [VRFC 10-311] analyzing module design_1
INFO: [VRFC 10-311] analyzing module design_1_ps7_0_axi_periph_0
INFO: [VRFC 10-311] analyzing module m00_couplers_imp_15SPJYW
INFO: [VRFC 10-311] analyzing module m01_couplers_imp_XU9C55
INFO: [VRFC 10-311] analyzing module m02_couplers_imp_14WQB4R
INFO: [VRFC 10-311] analyzing module m03_couplers_imp_YFYJ3U
INFO: [VRFC 10-311] analyzing module s00_couplers_imp_UYSKKA
INFO: [VRFC 10-2263] Analyzing Verilog file "E:/Verilog/soc/ZynqLab01/ZynqLab01.ip_user_files/bd/design_1/ip/design_1_xbar_0/sim/design_1_xbar_0.v" into library xil_defaultlib
INFO: [VRFC 10-311] analyzing module design_1_xbar_0
INFO: [VRFC 10-2263] Analyzing Verilog file "E:/Verilog/soc/ZynqLab01/ZynqLab01.ip_user_files/bd/design_1/ip/design_1_auto_pc_0/sim/design_1_auto_pc_0.v" into library xil_defaultlib
INFO: [VRFC 10-311] analyzing module design_1_auto_pc_0
INFO: [VRFC 10-2263] Analyzing Verilog file "E:/Verilog/soc/ZynqLab01/ZynqLab01.srcs/sources_1/bd/design_1/hdl/design_1_wrapper.v" into library xil_defaultlib
INFO: [VRFC 10-311] analyzing module design_1_wrapper
INFO: [VRFC 10-2263] Analyzing Verilog file "E:/Verilog/soc/ZynqLab01/ZynqLab01.sim/sim_1/behav/xsim/glbl.v" into library xil_defaultlib
INFO: [VRFC 10-311] analyzing module glbl
INFO: [VRFC 10-163] Analyzing VHDL file "E:/Verilog/soc/ZynqLab01/ZynqLab01.ip_user_files/bd/design_1/ip/design_1_axi_gpio_0_0/sim/design_1_axi_gpio_0_0.vhd" into library xil_defaultlib
INFO: [VRFC 10-3107] analyzing entity 'design_1_axi_gpio_0_0'
INFO: [VRFC 10-163] Analyzing VHDL file "E:/Verilog/soc/ZynqLab01/ZynqLab01.ip_user_files/bd/design_1/ip/design_1_rst_ps7_0_50M_0/sim/design_1_rst_ps7_0_50M_0.vhd" into library xil_defaultlib
INFO: [VRFC 10-3107] analyzing entity 'design_1_rst_ps7_0_50M_0'
INFO: [VRFC 10-163] Analyzing VHDL file "E:/Verilog/soc/ZynqLab01/ZynqLab01.ip_user_files/bd/design_1/ip/design_1_axi_gpio_1_0/sim/design_1_axi_gpio_1_0.vhd" into library xil_defaultlib
INFO: [VRFC 10-3107] analyzing entity 'design_1_axi_gpio_1_0'
INFO: [VRFC 10-163] Analyzing VHDL file "E:/Verilog/soc/ZynqLab01/ZynqLab01.ip_user_files/bd/design_1/ip/design_1_axi_gpio_2_0/sim/design_1_axi_gpio_2_0.vhd" into library xil_defaultlib
INFO: [VRFC 10-3107] analyzing entity 'design_1_axi_gpio_2_0'
INFO: [VRFC 10-163] Analyzing VHDL file "E:/Verilog/soc/ZynqLab01/ZynqLab01.ip_user_files/bd/design_1/ip/design_1_axi_gpio_3_0/sim/design_1_axi_gpio_3_0.vhd" into library xil_defaultlib
INFO: [VRFC 10-3107] analyzing entity 'design_1_axi_gpio_3_0'
