Copyright 1986-2019 Xilinx, Inc. All Rights Reserved.
------------------------------------------------------------------------------------
| Tool Version : Vivado v.2019.1 (win64) Build 2552052 Fri May 24 14:49:42 MDT 2019
| Date         : Wed Nov 13 17:57:08 2024
| Host         : DESKTOP-K5L0T99 running 64-bit major release  (build 9200)
| Command      : upgrade_ip
| Device       : xc7z020clg400-1
------------------------------------------------------------------------------------

Upgrade Log for IP 'design_1_myKEYPAD2_0_0'

1. Summary
----------

SUCCESS in the upgrade of design_1_myKEYPAD2_0_0 (xilinx.com:user:myKEYPAD2:1.0) from (Rev. 9) to (Rev. 10)






Copyright 1986-2019 Xilinx, Inc. All Rights Reserved.
------------------------------------------------------------------------------------
| Tool Version : Vivado v.2019.1 (win64) Build 2552052 Fri May 24 14:49:42 MDT 2019
| Date         : Wed Nov 13 17:53:49 2024
| Host         : DESKTOP-K5L0T99 running 64-bit major release  (build 9200)
| Command      : upgrade_ip
| Device       : xc7z020clg400-1
------------------------------------------------------------------------------------

Upgrade Log for IP 'design_1_myKEYPAD2_0_0'

1. Summary
----------

SUCCESS in the upgrade of design_1_myKEYPAD2_0_0 (xilinx.com:user:myKEYPAD2:1.0) from (Rev. 8) to (Rev. 9)






Copyright 1986-2019 Xilinx, Inc. All Rights Reserved.
------------------------------------------------------------------------------------
| Tool Version : Vivado v.2019.1 (win64) Build 2552052 Fri May 24 14:49:42 MDT 2019
| Date         : Wed Nov 13 08:55:58 2024
| Host         : DESKTOP-K5L0T99 running 64-bit major release  (build 9200)
| Command      : upgrade_ip
| Device       : xc7z020clg400-1
------------------------------------------------------------------------------------

Upgrade Log for IP 'design_1_myKEYPAD2_0_0'

1. Summary
----------

CAUTION (success, with warnings) in the upgrade of design_1_myKEYPAD2_0_0 (xilinx.com:user:myKEYPAD2:1.0) from (Rev. 7) to (Rev. 8)

After upgrade, an IP may have parameter and port differences compared to the original customization. Please review the parameters within the IP customization GUI to ensure proper functionality. Also, please review the updated IP instantiation template to ensure proper connectivity, and update your design if required.

2. Interface Information
------------------------

Detected external interface differences while upgrading 'design_1_myKEYPAD2_0_0'.


-Upgrade has added interface 'IRQ' (xilinx.com:signal:interrupt:1.0)


3. Connection Warnings
----------------------

Detected external port differences while upgrading 'design_1_myKEYPAD2_0_0'. These changes may impact your design.


-Upgrade has added port 'IRQ'







Copyright 1986-2019 Xilinx, Inc. All Rights Reserved.
------------------------------------------------------------------------------------
| Tool Version : Vivado v.2019.1 (win64) Build 2552052 Fri May 24 14:49:42 MDT 2019
| Date         : Wed Nov 13 00:01:14 2024
| Host         : DESKTOP-K5L0T99 running 64-bit major release  (build 9200)
| Command      : upgrade_ip
| Device       : xc7z020clg400-1
------------------------------------------------------------------------------------

Upgrade Log for IP 'design_1_myKEYPAD2_0_0'

1. Summary
----------

SUCCESS in the upgrade of design_1_myKEYPAD2_0_0 (xilinx.com:user:myKEYPAD2:1.0) from (Rev. 6) to (Rev. 7)






Copyright 1986-2019 Xilinx, Inc. All Rights Reserved.
------------------------------------------------------------------------------------
| Tool Version : Vivado v.2019.1 (win64) Build 2552052 Fri May 24 14:49:42 MDT 2019
| Date         : Tue Nov 12 23:50:08 2024
| Host         : DESKTOP-K5L0T99 running 64-bit major release  (build 9200)
| Command      : upgrade_ip
| Device       : xc7z020clg400-1
------------------------------------------------------------------------------------

Upgrade Log for IP 'design_1_myKEYPAD2_0_0'

1. Summary
----------

SUCCESS in the upgrade of design_1_myKEYPAD2_0_0 (xilinx.com:user:myKEYPAD2:1.0) from (Rev. 5) to (Rev. 6)






Copyright 1986-2019 Xilinx, Inc. All Rights Reserved.
------------------------------------------------------------------------------------
| Tool Version : Vivado v.2019.1 (win64) Build 2552052 Fri May 24 14:49:42 MDT 2019
| Date         : Tue Nov 12 23:31:53 2024
| Host         : DESKTOP-K5L0T99 running 64-bit major release  (build 9200)
| Command      : upgrade_ip
| Device       : xc7z020clg400-1
------------------------------------------------------------------------------------

Upgrade Log for IP 'design_1_myKEYPAD2_0_0'

1. Summary
----------

SUCCESS in the upgrade of design_1_myKEYPAD2_0_0 (xilinx.com:user:myKEYPAD2:1.0) from (Rev. 4) to (Rev. 5)






Copyright 1986-2019 Xilinx, Inc. All Rights Reserved.
------------------------------------------------------------------------------------
| Tool Version : Vivado v.2019.1 (win64) Build 2552052 Fri May 24 14:49:42 MDT 2019
| Date         : Tue Nov 12 23:16:35 2024
| Host         : DESKTOP-K5L0T99 running 64-bit major release  (build 9200)
| Command      : upgrade_ip
| Device       : xc7z020clg400-1
------------------------------------------------------------------------------------

Upgrade Log for IP 'design_1_myKEYPAD2_0_0'

1. Summary
----------

SUCCESS in the upgrade of design_1_myKEYPAD2_0_0 (xilinx.com:user:myKEYPAD2:1.0) from (Rev. 3) to (Rev. 4)






Copyright 1986-2019 Xilinx, Inc. All Rights Reserved.
------------------------------------------------------------------------------------
| Tool Version : Vivado v.2019.1 (win64) Build 2552052 Fri May 24 14:49:42 MDT 2019
| Date         : Tue Nov 12 23:00:55 2024
| Host         : DESKTOP-K5L0T99 running 64-bit major release  (build 9200)
| Command      : upgrade_ip
| Device       : xc7z020clg400-1
------------------------------------------------------------------------------------

Upgrade Log for IP 'design_1_myKEYPAD2_0_0'

1. Summary
----------

SUCCESS in the upgrade of design_1_myKEYPAD2_0_0 (xilinx.com:user:myKEYPAD2:1.0) from (Rev. 2) to (Rev. 3)

