#-----------------------------------------------------------
# Vivado v2019.1 (64-bit)
# SW Build 2552052 on Fri May 24 14:49:42 MDT 2019
# IP Build 2548770 on Fri May 24 18:01:18 MDT 2019
# Start of session at: Thu Nov 14 09:01:43 2024
# Process ID: 10748
# Current directory: E:/Verilog/soc/HW3_20101407/ZynqLab06
# Command line: vivado.exe -gui_launcher_event rodinguilauncherevent13740 E:\Verilog\soc\HW3_20101407\ZynqLab06\ZynqLab06.xpr
# Log file: E:/Verilog/soc/HW3_20101407/ZynqLab06/vivado.log
# Journal file: E:/Verilog/soc/HW3_20101407/ZynqLab06\vivado.jou
#-----------------------------------------------------------
start_gui
open_project E:/Verilog/soc/HW3_20101407/ZynqLab06/ZynqLab06.xpr
Scanning sources...
Finished scanning sources
INFO: [IP_Flow 19-234] Refreshing IP repositories
INFO: [IP_Flow 19-1700] Loaded user IP repository 'e:/Verilog/soc/HW3_20101407/ip_repo/myKEYPAD2_1.0'.
INFO: [IP_Flow 19-2313] Loaded Vivado IP repository 'E:/Vivado/2019.1/data/ip'.
open_project: Time (s): cpu = 00:00:10 ; elapsed = 00:00:07 . Memory (MB): peak = 738.723 ; gain = 135.410
update_compile_order -fileset sources_1
launch_sdk -workspace E:/Verilog/soc/HW3_20101407/ZynqLab06/ZynqLab06.sdk -hwspec E:/Verilog/soc/HW3_20101407/ZynqLab06/ZynqLab06.sdk/design_1_wrapper.hdf
INFO: [Vivado 12-393] Launching SDK...
INFO: [Vivado 12-417] Running xsdk -workspace E:/Verilog/soc/HW3_20101407/ZynqLab06/ZynqLab06.sdk -hwspec E:/Verilog/soc/HW3_20101407/ZynqLab06/ZynqLab06.sdk/design_1_wrapper.hdf
INFO: [Vivado 12-3157] SDK launch initiated. Please check console for any further messages.
exit
INFO: [Common 17-206] Exiting Vivado at Thu Nov 14 09:17:44 2024...
