#-----------------------------------------------------------
# Vivado v2019.1 (64-bit)
# SW Build 2552052 on Fri May 24 14:49:42 MDT 2019
# IP Build 2548770 on Fri May 24 18:01:18 MDT 2019
# Start of session at: Mon Nov 11 08:35:00 2024
# Process ID: 11296
# Current directory: E:/Verilog/soc/ZynqLab01
# Command line: vivado.exe -gui_launcher_event rodinguilauncherevent13716 E:\Verilog\soc\ZynqLab01\ZynqLab01.xpr
# Log file: E:/Verilog/soc/ZynqLab01/vivado.log
# Journal file: E:/Verilog/soc/ZynqLab01\vivado.jou
#-----------------------------------------------------------
start_gui
open_project E:/Verilog/soc/ZynqLab01/ZynqLab01.xpr
Scanning sources...
Finished scanning sources
INFO: [IP_Flow 19-234] Refreshing IP repositories
INFO: [IP_Flow 19-1704] No user IP repositories specified
INFO: [IP_Flow 19-2313] Loaded Vivado IP repository 'E:/Vivado/2019.1/data/ip'.
open_project: Time (s): cpu = 00:00:11 ; elapsed = 00:00:06 . Memory (MB): peak = 701.426 ; gain = 97.285
update_compile_order -fileset sources_1
open_bd_design {E:/Verilog/soc/ZynqLab01/ZynqLab01.srcs/sources_1/bd/design_1/design_1.bd}
Adding component instance block -- xilinx.com:ip:processing_system7:5.5 - processing_system7_0
Adding component instance block -- xilinx.com:ip:axi_gpio:2.0 - axi_gpio_0
Adding component instance block -- xilinx.com:ip:axi_interconnect:2.1 - ps7_0_axi_periph
Adding component instance block -- xilinx.com:ip:axi_crossbar:2.1 - xbar
Adding component instance block -- xilinx.com:ip:axi_protocol_converter:2.1 - auto_pc
Adding component instance block -- xilinx.com:ip:proc_sys_reset:5.0 - rst_ps7_0_50M
Adding component instance block -- xilinx.com:ip:axi_gpio:2.0 - axi_gpio_1
Adding component instance block -- xilinx.com:ip:axi_gpio:2.0 - axi_gpio_2
Adding component instance block -- xilinx.com:ip:axi_gpio:2.0 - axi_gpio_3
Successfully read diagram <design_1> from BD file <E:/Verilog/soc/ZynqLab01/ZynqLab01.srcs/sources_1/bd/design_1/design_1.bd>
open_bd_design: Time (s): cpu = 00:00:08 ; elapsed = 00:00:08 . Memory (MB): peak = 1105.844 ; gain = 9.109
exit
INFO: [Common 17-206] Exiting Vivado at Mon Nov 11 08:43:47 2024...
