#-----------------------------------------------------------
# Vivado v2019.1 (64-bit)
# SW Build 2552052 on Fri May 24 14:49:42 MDT 2019
# IP Build 2548770 on Fri May 24 18:01:18 MDT 2019
# Start of session at: Sun Oct 20 22:37:58 2024
# Process ID: 10784
# Current directory: E:/Verilog/soc/ZynqLab01
# Command line: vivado.exe -gui_launcher_event rodinguilauncherevent7328 E:\Verilog\soc\ZynqLab01\ZynqLab01.xpr
# Log file: E:/Verilog/soc/ZynqLab01/vivado.log
# Journal file: E:/Verilog/soc/ZynqLab01\vivado.jou
#-----------------------------------------------------------
start_gui
open_project E:/Verilog/soc/ZynqLab01/ZynqLab01.xpr
Scanning sources...
Finished scanning sources
INFO: [IP_Flow 19-234] Refreshing IP repositories
INFO: [IP_Flow 19-1704] No user IP repositories specified
INFO: [IP_Flow 19-2313] Loaded Vivado IP repository 'E:/Vivado/2019.1/data/ip'.
open_project: Time (s): cpu = 00:00:11 ; elapsed = 00:00:05 . Memory (MB): peak = 1071.930 ; gain = 101.082
update_compile_order -fileset sources_1
save_project_as ZynqLab02 E:/Verilog/soc/ZynqLab02 -exclude_run_results -force
INFO: [Coretcl 2-133] re-setting run 'synth_1'...
INFO: [Coretcl 2-133] re-setting run 'design_1_axi_gpio_0_0_synth_1'...
INFO: [Coretcl 2-133] re-setting run 'design_1_processing_system7_0_0_synth_1'...
INFO: [Coretcl 2-133] re-setting run 'design_1_rst_ps7_0_50M_0_synth_1'...
INFO: [Coretcl 2-133] re-setting run 'design_1_axi_gpio_2_0_synth_1'...
INFO: [Coretcl 2-133] re-setting run 'design_1_axi_gpio_1_0_synth_1'...
INFO: [Coretcl 2-133] re-setting run 'design_1_xbar_0_synth_1'...
INFO: [Coretcl 2-133] re-setting run 'design_1_axi_gpio_3_0_synth_1'...
INFO: [Coretcl 2-133] re-setting run 'impl_1'...
INFO: [Coretcl 2-133] re-setting run 'design_1_axi_gpio_0_0_impl_1'...
INFO: [Coretcl 2-133] re-setting run 'design_1_processing_system7_0_0_impl_1'...
INFO: [Coretcl 2-133] re-setting run 'design_1_rst_ps7_0_50M_0_impl_1'...
INFO: [Coretcl 2-133] re-setting run 'design_1_axi_gpio_2_0_impl_1'...
INFO: [Coretcl 2-133] re-setting run 'design_1_axi_gpio_1_0_impl_1'...
INFO: [Coretcl 2-133] re-setting run 'design_1_xbar_0_impl_1'...
INFO: [Coretcl 2-133] re-setting run 'design_1_axi_gpio_3_0_impl_1'...
exit
INFO: [Common 17-206] Exiting Vivado at Sun Oct 20 22:39:09 2024...
